000144475
000145308
000100615
000056900
000128773
000065519
000074165
000099081
000141047
000149128
000148282
000109528
000055909
000070885
000115049
000149631
000052276
000101944
000113005
000102876
000064365
000071178
000122767
000086272
000139199
000078631
000071958
000081288
000070401
000077582
000118275
000115648
000091350
000121735
000130339
000055146
000137351
000101940
000112657
000133288
000081503
000136812
000067015
000142573
000125537
000099231
000061693
000085719
000080659
000148431
000101176
000077853
000108201
000138945
000081804
000055795
000141837
000113490
000057932
000081023
000076756
000079023
000073527
000075874
000063332
000062055
000076124
000054254
000068482
000141113
000084335
000058747
000084723
000137564
000132605
000094970
000050312
000089127
000143858
000124587
000052272
000138039
000053782
000093085
000083456
000094432
000121481
000093700
000114222
000117849
000147460
000110324
000075337
000130464
000088805
000109489
000071109
000095625
000115832
000123252
000999999
